[    0.000000] Initializing cgroup subsys cpuset
[    0.000000] Initializing cgroup subsys cpu
[    0.000000] Initializing cgroup subsys cpuacct
[    0.000000] Linux version 4.4.0-137-generic (buildd@lgw01-amd64-037) (gcc version 5.4.0 20160609 (Ubuntu 5.4.0-6ubuntu1~16.04.10) ) #163-Ubuntu SMP Mon Sep 24 13:14:43 UTC 2018 (Ubuntu 4.4.0-137.163-generic 4.4.144)
[    0.000000] Command line: BOOT_IMAGE=/boot/vmlinuz-4.4.0-137-generic root=UUID=a046bbc1-14c9-4b18-8491-4f9a2946484c ro console=tty1 console=ttyS0
[    0.000000] KERNEL supported cpus:
[    0.000000]   Intel GenuineIntel
[    0.000000]   AMD AuthenticAMD
[    0.000000]   Centaur CentaurHauls
[    0.000000] x86/fpu: xstate_offset[2]:  576, xstate_sizes[2]:  256
[    0.000000] x86/fpu: Supporting XSAVE feature 0x01: 'x87 floating point registers'
[    0.000000] x86/fpu: Supporting XSAVE feature 0x02: 'SSE registers'
[    0.000000] x86/fpu: Supporting XSAVE feature 0x04: 'AVX registers'
[    0.000000] x86/fpu: Enabled xstate features 0x7, context size is 832 bytes, using 'standard' format.
[    0.000000] e820: BIOS-provided physical RAM map:
[    0.000000] BIOS-e820: [mem 0x0000000000000000-0x000000000009fbff] usable
[    0.000000] BIOS-e820: [mem 0x000000000009fc00-0x000000000009ffff] reserved
[    0.000000] BIOS-e820: [mem 0x00000000000f0000-0x00000000000fffff] reserved
[    0.000000] BIOS-e820: [mem 0x0000000000100000-0x000000003ffeffff] usable
[    0.000000] BIOS-e820: [mem 0x000000003fff0000-0x000000003fffffff] ACPI data
[    0.000000] BIOS-e820: [mem 0x00000000fec00000-0x00000000fec00fff] reserved
[    0.000000] BIOS-e820: [mem 0x00000000fee00000-0x00000000fee00fff] reserved
[    0.000000] BIOS-e820: [mem 0x00000000fffc0000-0x00000000ffffffff] reserved
[    0.000000] NX (Execute Disable) protection: active
[    0.000000] SMBIOS 2.5 present.
[    0.000000] Hypervisor detected: KVM
[    0.000000] e820: last_pfn = 0x3fff0 max_arch_pfn = 0x400000000
[    0.000000] MTRR: Disabled
[    0.000000] x86/PAT: MTRRs disabled, skipping PAT initialization too.
[    0.000000] CPU MTRRs all blank - virtualized system.
[    0.000000] x86/PAT: Configuration [0-7]: WB  WT  UC- UC  WB  WT  UC- UC  
[    0.000000] found SMP MP-table at [mem 0x0009fff0-0x0009ffff] mapped at [ffff88000009fff0]
[    0.000000] Scanning 1 areas for low memory corruption
[    0.000000] RAMDISK: [mem 0x361ee000-0x370eefff]
[    0.000000] ACPI: Early table checksum verification disabled
[    0.000000] ACPI: RSDP 0x00000000000E0000 000024 (v02 VBOX  )
[    0.000000] ACPI: XSDT 0x000000003FFF0030 00003C (v01 VBOX   VBOXXSDT 00000001 ASL  00000061)
[    0.000000] ACPI: FACP 0x000000003FFF00F0 0000F4 (v04 VBOX   VBOXFACP 00000001 ASL  00000061)
[    0.000000] ACPI: DSDT 0x000000003FFF0470 0021C8 (v02 VBOX   VBOXBIOS 00000002 INTL 20100528)
[    0.000000] ACPI: FACS 0x000000003FFF0200 000040
[    0.000000] ACPI: FACS 0x000000003FFF0200 000040
[    0.000000] ACPI: APIC 0x000000003FFF0240 00005C (v02 VBOX   VBOXAPIC 00000001 ASL  00000061)
[    0.000000] ACPI: SSDT 0x000000003FFF02A0 0001CC (v01 VBOX   VBOXCPUT 00000002 INTL 20100528)
[    0.000000] No NUMA configuration found
[    0.000000] Faking a node at [mem 0x0000000000000000-0x000000003ffeffff]
[    0.000000] NODE_DATA(0) allocated [mem 0x3ffeb000-0x3ffeffff]
[    0.000000] kvm-clock: Using msrs 4b564d01 and 4b564d00
[    0.000000] kvm-clock: cpu 0, msr 0:3ffe3001, primary cpu clock
[    0.000000] kvm-clock: using sched offset of 7724896916 cycles
[    0.000000] clocksource: kvm-clock: mask: 0xffffffffffffffff max_cycles: 0x1cd42e4dffb, max_idle_ns: 881590591483 ns
[    0.000000] Zone ranges:
[    0.000000]   DMA      [mem 0x0000000000001000-0x0000000000ffffff]
[    0.000000]   DMA32    [mem 0x0000000001000000-0x000000003ffeffff]
[    0.000000]   Normal   empty
[    0.000000]   Device   empty
[    0.000000] Movable zone start for each node
[    0.000000] Early memory node ranges
[    0.000000]   node   0: [mem 0x0000000000001000-0x000000000009efff]
[    0.000000]   node   0: [mem 0x0000000000100000-0x000000003ffeffff]
[    0.000000] Initmem setup node 0 [mem 0x0000000000001000-0x000000003ffeffff]
[    0.000000] ACPI: PM-Timer IO Port: 0x4008
[    0.000000] IOAPIC[0]: apic_id 2, version 32, address 0xfec00000, GSI 0-23
[    0.000000] ACPI: INT_SRC_OVR (bus 0 bus_irq 0 global_irq 2 dfl dfl)
[    0.000000] ACPI: INT_SRC_OVR (bus 0 bus_irq 9 global_irq 9 high level)
[    0.000000] Using ACPI (MADT) for SMP configuration information
[    0.000000] smpboot: Allowing 2 CPUs, 0 hotplug CPUs
[    0.000000] PM: Registered nosave memory: [mem 0x00000000-0x00000fff]
[    0.000000] PM: Registered nosave memory: [mem 0x0009f000-0x0009ffff]
[    0.000000] PM: Registered nosave memory: [mem 0x000a0000-0x000effff]
[    0.000000] PM: Registered nosave memory: [mem 0x000f0000-0x000fffff]
[    0.000000] e820: [mem 0x40000000-0xfebfffff] available for PCI devices
[    0.000000] Booting paravirtualized kernel on KVM
[    0.000000] clocksource: refined-jiffies: mask: 0xffffffff max_cycles: 0xffffffff, max_idle_ns: 7645519600211568 ns
[    0.000000] setup_percpu: NR_CPUS:512 nr_cpumask_bits:512 nr_cpu_ids:2 nr_node_ids:1
[    0.000000] PERCPU: Embedded 34 pages/cpu @ffff88003fc00000 s99608 r8192 d31464 u1048576
[    0.000000] PV qspinlock hash table entries: 256 (order: 0, 4096 bytes)
[    0.000000] Built 1 zonelists in Node order, mobility grouping on.  Total pages: 257912
[    0.000000] Policy zone: DMA32
[    0.000000] Kernel command line: BOOT_IMAGE=/boot/vmlinuz-4.4.0-137-generic root=UUID=a046bbc1-14c9-4b18-8491-4f9a2946484c ro console=tty1 console=ttyS0
[    0.000000] PID hash table entries: 4096 (order: 3, 32768 bytes)
[    0.000000] Memory: 997140K/1048120K available (8555K kernel code, 1314K rwdata, 4004K rodata, 1528K init, 1316K bss, 50980K reserved, 0K cma-reserved)
[    0.000000] SLUB: HWalign=64, Order=0-3, MinObjects=0, CPUs=2, Nodes=1
[    0.000000] Kernel/User page tables isolation: enabled
[    0.000000] Hierarchical RCU implementation.
[    0.000000] 	Build-time adjustment of leaf fanout to 64.
[    0.000000] 	RCU restricting CPUs from NR_CPUS=512 to nr_cpu_ids=2.
[    0.000000] RCU: Adjusting geometry for rcu_fanout_leaf=64, nr_cpu_ids=2
[    0.000000] NR_IRQS:33024 nr_irqs:440 16
[    0.000000] Console: colour VGA+ 80x25
[    0.000000] console [tty1] enabled
[    0.000000] console [ttyS0] enabled
[    0.000000] tsc: Detected 2494.316 MHz processor
[    0.554542] Calibrating delay loop (skipped) preset value.. 4988.63 BogoMIPS (lpj=9977264)
[    0.563777] pid_max: default: 32768 minimum: 301
[    0.570846] ACPI: Core revision 20150930
[    0.573223] ACPI: 2 ACPI AML tables successfully acquired and loaded
[    0.586953] Security Framework initialized
[    0.589550] Yama: becoming mindful.
[    0.598189] AppArmor: AppArmor initialized
[    0.599775] Dentry cache hash table entries: 131072 (order: 8, 1048576 bytes)
[    0.604301] Inode-cache hash table entries: 65536 (order: 7, 524288 bytes)
[    0.612543] Mount-cache hash table entries: 2048 (order: 2, 16384 bytes)
[    0.619855] Mountpoint-cache hash table entries: 2048 (order: 2, 16384 bytes)
[    0.641220] Initializing cgroup subsys io
[    0.648612] Initializing cgroup subsys memory
[    0.650112] Initializing cgroup subsys devices
[    0.651612] Initializing cgroup subsys freezer
[    0.654600] Initializing cgroup subsys net_cls
[    0.665093] Initializing cgroup subsys perf_event
[    0.667938] Initializing cgroup subsys net_prio
[    0.676226] Initializing cgroup subsys hugetlb
[    0.688738] Initializing cgroup subsys pids
[    0.696527] mce: CPU supports 0 MCE banks
[    0.707314] Last level iTLB entries: 4KB 512, 2MB 8, 4MB 8
[    0.715094] Last level dTLB entries: 4KB 512, 2MB 32, 4MB 32, 1GB 0
[    0.717202] Spectre V2 : Mitigation: Full generic retpoline
[    0.724648] Spectre V2 : Spectre v2 mitigation: Speculation control IBPB not-supported IBRS not-supported
[    0.733305] Spectre V2 : Spectre v2 / SpectreRSB mitigation: Filling RSB on context switch
[    0.738120] Speculative Store Bypass: Vulnerable
[    0.749990] Freeing SMP alternatives memory: 32K
[    0.768349] ftrace: allocating 32265 entries in 127 pages
[    0.883109] smpboot: APIC(0) Converting physical 0 to logical package 0
[    0.910677] smpboot: Max logical packages: 1
[    0.924644] x2apic enabled
[    0.931568] Switched APIC routing to physical x2apic.
[    0.940415] ..TIMER: vector=0x30 apic1=0 pin1=2 apic2=-1 pin2=-1
[    1.055768] smpboot: CPU0: Intel(R) Core(TM) i5-3210M CPU @ 2.50GHz (family: 0x6, model: 0x3a, stepping: 0x9)
[    1.083890] Performance Events: unsupported p6 CPU model 58 no PMU driver, software events only.
[    1.087237] KVM setup paravirtual spinlock
[    1.095482] x86: Booting SMP configuration:
[    1.113790] .... node  #0, CPUs:      #1
[    1.119013] kvm-clock: cpu 1, msr 0:3ffe3041, secondary cpu clock
[    1.121997] mce: CPU supports 0 MCE banks
[    1.125654] x86: Booted up 1 node, 2 CPUs
[    1.129226] smpboot: Total of 2 processors activated (9977.26 BogoMIPS)
[    1.134543] devtmpfs: initialized
[    1.143928] evm: security.selinux
[    1.145550] evm: security.SMACK64
[    1.152475] evm: security.SMACK64EXEC
[    1.153983] evm: security.SMACK64TRANSMUTE
[    1.156996] evm: security.SMACK64MMAP
[    1.160034] evm: security.ima
[    1.161491] evm: security.capability
[    1.163676] clocksource: jiffies: mask: 0xffffffff max_cycles: 0xffffffff, max_idle_ns: 7645041785100000 ns
[    1.170420] futex hash table entries: 512 (order: 3, 32768 bytes)
[    1.173110] pinctrl core: initialized pinctrl subsystem
[    1.175452] RTC time: 12:51:38, date: 10/22/18
[    1.177601] NET: Registered protocol family 16
[    1.192051] cpuidle: using governor ladder
[    1.204421] cpuidle: using governor menu
[    1.213897] PCCT header not found.
[    1.216045] ACPI: bus type PCI registered
[    1.217800] acpiphp: ACPI Hot Plug PCI Controller Driver version: 0.5
[    1.220892] PCI: Using configuration type 1 for base access
[    1.237086] ACPI: Added _OSI(Module Device)
[    1.243127] ACPI: Added _OSI(Processor Device)
[    1.271209] ACPI: Added _OSI(3.0 _SCP Extensions)
[    1.279453] ACPI: Added _OSI(Processor Aggregator Device)
[    1.285822] ACPI: Executed 1 blocks of module-level executable AML code
[    1.300186] ACPI: Interpreter enabled
[    1.314415] ACPI: (supports S0 S5)
[    1.324970] ACPI: Using IOAPIC for interrupt routing
[    1.332842] PCI: Using host bridge windows from ACPI; if necessary, use "pci=nocrs" and report a bug
[    1.344030] ACPI: PCI Root Bridge [PCI0] (domain 0000 [bus 00-ff])
[    1.347135] acpi PNP0A03:00: _OSC: OS supports [ASPM ClockPM Segments MSI]
[    1.353276] acpi PNP0A03:00: _OSC failed (AE_NOT_FOUND); disabling ASPM
[    1.355464] acpi PNP0A03:00: fail to add MMCONFIG information, can't access extended PCI configuration space under this bridge.
[    1.366479] PCI host bridge to bus 0000:00
[    1.373885] pci_bus 0000:00: root bus resource [io  0x0000-0x0cf7 window]
[    1.376836] pci_bus 0000:00: root bus resource [io  0x0d00-0xffff window]
[    1.383069] pci_bus 0000:00: root bus resource [mem 0x000a0000-0x000bffff window]
[    1.386474] pci_bus 0000:00: root bus resource [mem 0x40000000-0xffdfffff window]
[    1.389307] pci_bus 0000:00: root bus resource [bus 00-ff]
[    1.419997] pci 0000:00:01.1: legacy IDE quirk: reg 0x10: [io  0x01f0-0x01f7]
[    1.436098] pci 0000:00:01.1: legacy IDE quirk: reg 0x14: [io  0x03f6]
[    1.444080] pci 0000:00:01.1: legacy IDE quirk: reg 0x18: [io  0x0170-0x0177]
[    1.448630] pci 0000:00:01.1: legacy IDE quirk: reg 0x1c: [io  0x0376]
[    1.493773] pci 0000:00:07.0: quirk: [io  0x4000-0x403f] claimed by PIIX4 ACPI
[    1.510760] pci 0000:00:07.0: quirk: [io  0x4100-0x410f] claimed by PIIX4 SMB
[    1.527120] ACPI: PCI Interrupt Link [LNKA] (IRQs 5 9 10 *11)
[    1.530994] ACPI: PCI Interrupt Link [LNKB] (IRQs 5 9 10 *11)
[    1.534811] ACPI: PCI Interrupt Link [LNKC] (IRQs 5 9 *10 11)
[    1.539940] ACPI: PCI Interrupt Link [LNKD] (IRQs 5 *9 10 11)
[    1.542749] ACPI: Enabled 2 GPEs in block 00 to 07
[    1.552798] vgaarb: setting as boot device: PCI:0000:00:02.0
[    1.554840] vgaarb: device added: PCI:0000:00:02.0,decodes=io+mem,owns=io+mem,locks=none
[    1.559960] vgaarb: loaded
[    1.573715] vgaarb: bridge control possible 0000:00:02.0
[    1.583621] SCSI subsystem initialized
[    1.587129] ACPI: bus type USB registered
[    1.594446] usbcore: registered new interface driver usbfs
[    1.597890] usbcore: registered new interface driver hub
[    1.601987] usbcore: registered new device driver usb
[    1.611441] PCI: Using ACPI for IRQ routing
[    1.619751] NetLabel: Initializing
[    1.621662] NetLabel:  domain hash size = 128
[    1.637627] NetLabel:  protocols = UNLABELED CIPSOv4
[    1.641564] NetLabel:  unlabeled traffic allowed by default
[    1.645619] amd_nb: Cannot enumerate AMD northbridges
[    1.656374] clocksource: Switched to clocksource kvm-clock
[    1.672118] AppArmor: AppArmor Filesystem Enabled
[    1.678001] pnp: PnP ACPI init
[    1.686125] pnp: PnP ACPI: found 3 devices
[    1.709019] clocksource: acpi_pm: mask: 0xffffff max_cycles: 0xffffff, max_idle_ns: 2085701024 ns
[    1.738341] NET: Registered protocol family 2
[    1.746172] TCP established hash table entries: 8192 (order: 4, 65536 bytes)
[    1.748852] TCP bind hash table entries: 8192 (order: 5, 131072 bytes)
[    1.750968] TCP: Hash tables configured (established 8192 bind 8192)
[    1.753221] UDP hash table entries: 512 (order: 2, 16384 bytes)
[    1.757267] UDP-Lite hash table entries: 512 (order: 2, 16384 bytes)
[    1.767903] NET: Registered protocol family 1
[    1.780852] pci 0000:00:00.0: Limiting direct PCI/PCI transfers
[    1.844497] pci 0000:00:01.0: Activating ISA DMA hang workarounds
[    1.868744] Unpacking initramfs...
[    2.298220] Freeing initrd memory: 15364K
[    2.309856] RAPL PMU detected, API unit is 2^-32 Joules, 3 fixed counters 10737418240 ms ovfl timer
[    2.320472] hw unit of domain pp0-core 2^-0 Joules
[    2.331314] hw unit of domain package 2^-0 Joules
[    2.339252] hw unit of domain pp1-gpu 2^-0 Joules
[    2.341134] platform rtc_cmos: registered platform RTC device (no PNP device found)
[    2.343808] Scanning for low memory corruption every 60 seconds
[    2.347724] audit: initializing netlink subsys (disabled)
[    2.355247] audit: type=2000 audit(1540212708.561:1): initialized
[    2.358841] Initialise system trusted keyring
[    2.363878] HugeTLB registered 2 MB page size, pre-allocated 0 pages
[    2.374798] zbud: loaded
[    2.376490] VFS: Disk quotas dquot_6.6.0
[    2.378569] VFS: Dquot-cache hash table entries: 512 (order 0, 4096 bytes)
[    2.386940] squashfs: version 4.0 (2009/01/31) Phillip Lougher
[    2.393411] fuse init (API version 7.23)
[    2.395479] Key type big_key registered
[    2.406528] Allocating IMA MOK and blacklist keyrings.
[    2.411020] Key type asymmetric registered
[    2.414027] Asymmetric key parser 'x509' registered
[    2.417995] Block layer SCSI generic (bsg) driver version 0.4 loaded (major 249)
[    2.421374] io scheduler noop registered
[    2.422926] io scheduler deadline registered (default)
[    2.428621] io scheduler cfq registered
[    2.430078] pci_hotplug: PCI Hot Plug PCI Core version: 0.5
[    2.438311] pciehp: PCI Express Hot Plug Controller Driver version: 0.4
[    2.447207] ACPI: AC Adapter [AC] (off-line)
[    2.451471] input: Power Button as /devices/LNXSYSTM:00/LNXPWRBN:00/input/input0
[    2.464889] ACPI: Power Button [PWRF]
[    2.470230] input: Sleep Button as /devices/LNXSYSTM:00/LNXSLPBN:00/input/input1
[    2.479952] ACPI: Sleep Button [SLPF]
[    2.481861] GHES: HEST is not enabled!
[    2.483699] Serial: 8250/16550 driver, 32 ports, IRQ sharing enabled
[    2.483704] ACPI: Battery Slot [BAT0] (battery present)
[    2.519343] 00:02: ttyS0 at I/O 0x3f8 (irq = 4, base_baud = 115200) is a 16550A
[    2.529359] Linux agpgart interface v0.103
[    2.538963] loop: module loaded
[    2.543368] scsi host0: ata_piix
[    2.545540] scsi host1: ata_piix
[    2.547178] ata1: PATA max UDMA/33 cmd 0x1f0 ctl 0x3f6 bmdma 0xd000 irq 14
[    2.551440] ata2: PATA max UDMA/33 cmd 0x170 ctl 0x376 bmdma 0xd008 irq 15
[    2.562111] libphy: Fixed MDIO Bus: probed
[    2.571901] tun: Universal TUN/TAP device driver, 1.6
[    2.575436] tun: (C) 1999-2004 Max Krasnyansky <maxk@qualcomm.com>
[    2.578044] PPP generic driver version 2.4.2
[    2.585687] ehci_hcd: USB 2.0 'Enhanced' Host Controller (EHCI) Driver
[    2.589886] ehci-pci: EHCI PCI platform driver
[    2.601583] ehci-platform: EHCI generic platform driver
[    2.610272] ohci_hcd: USB 1.1 'Open' Host Controller (OHCI) Driver
[    2.614552] ohci-pci: OHCI PCI platform driver
[    2.621660] ohci-platform: OHCI generic platform driver
[    2.631391] uhci_hcd: USB Universal Host Controller Interface driver
[    2.640397] i8042: PNP: PS/2 Controller [PNP0303:PS2K,PNP0f03:PS2M] at 0x60,0x64 irq 1,12
[    2.656366] serio: i8042 KBD port at 0x60,0x64 irq 1
[    2.658184] serio: i8042 AUX port at 0x60,0x64 irq 12
[    2.660720] mousedev: PS/2 mouse device common for all mice
[    2.672708] input: AT Translated Set 2 keyboard as /devices/platform/i8042/serio0/input/input2
[    2.676118] rtc_cmos rtc_cmos: rtc core: registered rtc_cmos as rtc0
[    2.679606] rtc_cmos rtc_cmos: alarms up to one day, 114 bytes nvram
[    2.682199] i2c /dev entries driver
[    2.684382] device-mapper: uevent: version 1.0.3
[    2.689807] device-mapper: ioctl: 4.34.0-ioctl (2015-10-28) initialised: dm-devel@redhat.com
[    2.693189] ledtrig-cpu: registered to indicate activity on CPUs
[    2.699782] NET: Registered protocol family 10
[    2.706818] NET: Registered protocol family 17
[    2.710243] Key type dns_resolver registered
[    2.713159] registered taskstats version 1
[    2.714990] Loading compiled-in X.509 certificates
[    2.723152] Loaded X.509 cert 'Build time autogenerated kernel key: 20acc96b50ca7641011eace69d32209215a9b56f'
[    2.732657] zswap: loaded using pool lzo/zbud
[    2.740521] Key type trusted registered
[    2.764628] Key type encrypted registered
[    2.771566] AppArmor: AppArmor sha1 policy hashing enabled
[    2.774706] ima: No TPM chip found, activating TPM-bypass!
[    2.776924] ima: Allocated hash algorithm: sha1
[    2.778874] evm: HMAC attrs: 0x1
[    2.780628]   Magic number: 6:290:886
[    2.787586] rtc_cmos rtc_cmos: setting system clock to 2018-10-22 12:51:40 UTC (1540212700)
[    2.887321] BIOS EDD facility v0.16 2004-Jun-25, 0 devices found
[    2.928618] EDD information not available.
[    2.933272] Freeing unused kernel memory: 1528K
[    2.960682] Write protecting the kernel read-only data: 14336k
[    2.978811] Freeing unused kernel memory: 1672K
[    2.986513] Freeing unused kernel memory: 92K
Loading, please wait...
starting version[    3.011591] random: systemd-udevd: uninitialized urandom read (16 bytes read, 3 bits of entropy available)
 229
[    3.012128] random: udevadm: uninitialized urandom read (16 bytes read, 3 bits of entropy available)
[    3.012176] random: udevadm: uninitialized urandom read (16 bytes read, 3 bits of entropy available)
[    3.029912] random: systemd-udevd: uninitialized urandom read (16 bytes read, 3 bits of entropy available)
[    3.032419] random: udevadm: uninitialized urandom read (16 bytes read, 3 bits of entropy available)
[    3.033173] random: udevadm: uninitialized urandom read (16 bytes read, 3 bits of entropy available)
[    3.033683] random: udevadm: uninitialized urandom read (16 bytes read, 3 bits of entropy available)
[    3.033881] random: udevadm: uninitialized urandom read (16 bytes read, 3 bits of entropy available)
[    3.034017] random: udevadm: uninitialized urandom read (16 bytes read, 3 bits of entropy available)
[    3.034154] random: udevadm: uninitialized urandom read (16 bytes read, 3 bits of entropy available)
[    3.138824] e1000: Intel(R) PRO/1000 Network Driver - version 7.3.21-k8-NAPI
[    3.142881] e1000: Copyright (c) 1999-2006 Intel Corporation.
[    3.147668] Fusion MPT base driver 3.04.20
[    3.166742] Copyright (c) 1999-2008 LSI Corporation
[    3.186257] Fusion MPT SPI Host driver 3.04.20
[    3.296646] AVX version of gcm_enc/dec engaged.
[    3.305495] AES CTR mode by8 optimization enabled
[    3.340636] tsc: Refined TSC clocksource calibration: 2492.849 MHz
[    3.354209] clocksource: tsc: mask: 0xffffffffffffffff max_cycles: 0x23eed67e67f, max_idle_ns: 440795211408 ns
[    3.398906] input: ImExPS/2 Generic Explorer Mouse as /devices/platform/i8042/serio1/input/input4
[    3.749921] e1000 0000:00:03.0 eth0: (PCI:33MHz:32-bit) 02:51:ce:62:00:80
[    3.754963] e1000 0000:00:03.0 eth0: Intel(R) PRO/1000 Network Connection
[    3.767809] mptbase: ioc0: Initiating bringup
[    3.783494] e1000 0000:00:03.0 enp0s3: renamed from eth0
[    3.848841] ioc0: LSI53C1030 A0: Capabilities={Initiator}
[    4.014972] scsi host2: ioc0: LSI53C1030 A0, FwRev=00000000h, Ports=1, MaxQ=256, IRQ=20
[    4.152101] scsi 2:0:0:0: Direct-Access     VBOX     HARDDISK         1.0  PQ: 0 ANSI: 5
[    4.160228] scsi target2:0:0: Beginning Domain Validation
[    4.164047] scsi target2:0:0: Domain Validation skipping write tests
[    4.178842] scsi target2:0:0: Ending Domain Validation
[    4.186585] scsi target2:0:0: asynchronous
[    4.190199] scsi 2:0:1:0: Direct-Access     VBOX     HARDDISK         1.0  PQ: 0 ANSI: 5
[    4.202821] scsi target2:0:1: Beginning Domain Validation
[    4.211129] scsi target2:0:1: Domain Validation skipping write tests
[    4.227136] scsi target2:0:1: Ending Domain Validation
[    4.234798] scsi target2:0:1: asynchronous
[    4.250347] sd 2:0:0:0: Attached scsi generic sg0 type 0
[    4.253799] sd 2:0:1:0: Attached scsi generic sg1 type 0
[    4.254215] sd 2:0:0:0: [sda] 20971520 512-byte logical blocks: (10.7 GB/10.0 GiB)
[    4.264115] sd 2:0:1:0: [sdb] 20480 512-byte logical blocks: (10.5 MB/10.0 MiB)
[    4.267419] sd 2:0:0:0: [sda] Write Protect is off
[    4.273592] sd 2:0:1:0: [sdb] Write Protect is off
[    4.273741] sd 2:0:1:0: [sdb] Incomplete mode parameter data
[    4.273742] sd 2:0:1:0: [sdb] Assuming drive cache: write through
[    4.284475] sd 2:0:0:0: [sda] Incomplete mode parameter data
[    4.286812] sd 2:0:0:0: [sda] Assuming drive cache: write through
[    4.289167] sd 2:0:1:0: [sdb] Attached SCSI disk
[    4.330364]  sda: sda1
[    4.333519] sd 2:0:0:0: [sda] Attached SCSI disk
Begin: Loading essential drivers ... [    5.939716] md: linear personality registered for level -1
[    5.958230] md: multipath personality registered for level -4
[    5.990670] md: raid0 personality registered for level 0
[    6.001851] md: raid1 personality registered for level 1
[    6.084765] raid6: sse2x1   gen()  4707 MB/s
[    6.164442] raid6: sse2x1   xor()  5704 MB/s
[    6.232519] raid6: sse2x2   gen()  9590 MB/s
[    6.302051] raid6: sse2x2   xor()  6894 MB/s
[    6.368504] raid6: sse2x4   gen() 10770 MB/s
[    6.444980] raid6: sse2x4   xor()  6937 MB/s
[    6.447232] raid6: using algorithm sse2x4 gen() 10770 MB/s
[    6.455933] raid6: .... xor() 6937 MB/s, rmw enabled
[    6.477031] raid6: using ssse3x2 recovery algorithm
[    6.490723] xor: automatically using best checksumming function:
[    6.532557]    avx       : 14383.000 MB/sec
[    6.543835] async_tx: api initialized (async)
[    6.559948] md: raid6 personality registered for level 6
[    6.583271] md: raid5 personality registered for level 5
[    6.593695] md: raid4 personality registered for level 4
[    6.627885] md: raid10 personality registered for level 10
done.
Begin: Running /scripts/init-premount ... done.
Begin: Mounting root file system ... Begin: Running /scripts/local-top ... done.
Begin: Running /scripts/local-premount ... [    6.694893] Btrfs loaded
Scanning for Btrfs filesystems
done.
Warning: fsck not present, so skipping root file system
[    6.921105] EXT4-fs (sda1): INFO: recovery required on readonly filesystem
[    6.940207] EXT4-fs (sda1): write access will be enabled during recovery
[    7.918250] random: nonblocking pool is initialized
[    8.215790] EXT4-fs (sda1): orphan cleanup on readonly fs
[    8.382083] EXT4-fs (sda1): 6 orphan inodes deleted
[    8.384764] EXT4-fs (sda1): recovery complete
[    8.390102] EXT4-fs (sda1): mounted filesystem with ordered data mode. Opts: (null)
done.
Begin: Running /scripts/local-bottom ... done.
Begin: Running /scripts/init-bottom ... done.
[   10.006530] systemd[1]: systemd 229 running in system mode. (+PAM +AUDIT +SELINUX +IMA +APPARMOR +SMACK +SYSVINIT +UTMP +LIBCRYPTSETUP +GCRYPT +GNUTLS +ACL +XZ -LZ4 +SECCOMP +BLKID +ELFUTILS +KMOD -IDN)
[   10.023295] systemd[1]: Detected virtualization oracle.
[   10.035441] systemd[1]: Detected architecture x86-64.

Welcome to [1mUbuntu 16.04.5 LTS[0m!

[   10.092907] systemd[1]: Set hostname to <ubuntu-xenial>.
[   15.124744] systemd[1]: Listening on Journal Socket (/dev/log).
[[0;32m  OK  [0m] Listening on Journal Socket (/dev/log).
[   15.145164] systemd[1]: Reached target Swap.
[[0;32m  OK  [0m] Reached target Swap.
[   15.165072] systemd[1]: Listening on LVM2 poll daemon socket.
[[0;32m  OK  [0m] Listening on LVM2 poll daemon socket.
[   15.189317] systemd[1]: Reached target Encrypted Volumes.
[[0;32m  OK  [0m] Reached target Encrypted Volumes.
[   15.209066] systemd[1]: Listening on udev Control Socket.
[[0;32m  OK  [0m] Listening on udev Control Socket.
[   15.218266] systemd[1]: Started Trigger resolvconf update for networkd DNS.
[[0;32m  OK  [0m] Started Trigger resolvconf update for networkd DNS.
[   15.223652] systemd[1]: Started Forward Password Requests to Wall Directory Watch.
[[0;32m  OK  [0m] Started Forward Password Requests to Wall Directory Watch.
[   15.231312] systemd[1]: Listening on Device-mapper event daemon FIFOs.
[[0;32m  OK  [0m] Listening on Device-mapper event daemon FIFOs.
[   15.238506] systemd[1]: Listening on udev Kernel Socket.
[[0;32m  OK  [0m] Listening on udev Kernel Socket.
[   15.247330] systemd[1]: Listening on LVM2 metadata daemon socket.
[[0;32m  OK  [0m] Listening on LVM2 metadata daemon socket.
[   15.251738] systemd[1]: Reached target System Time Synchronized.
[[0;32m  OK  [0m] Reached target System Time Synchronized.
[   15.262089] systemd[1]: Listening on Journal Audit Socket.
[[0;32m  OK  [0m] Listening on Journal Audit Socket.
[   15.272147] systemd[1]: Created slice System Slice.
[[0;32m  OK  [0m] Created slice System Slice.
[   15.287065] systemd[1]: Created slice system-serial\x2dgetty.slice.
[[0;32m  OK  [0m] Created slice system-serial\x2dgetty.slice.
[   15.310769] systemd[1]: Created slice User and Session Slice.
[[0;32m  OK  [0m] Created slice User and Session Slice.
[   15.328665] systemd[1]: Reached target Slices.
[[0;32m  OK  [0m] Reached target Slices.
[   15.332973] systemd[1]: Listening on Journal Socket.
[[0;32m  OK  [0m] Listening on Journal Socket.
[   15.349332] systemd[1]: Mounting POSIX Message Queue File System...
         Mounting POSIX Message Queue File System...
[   15.364753] systemd[1]: Starting Uncomplicated firewall...
         Starting Uncomplicated firewall...
[   15.376784] systemd[1]: Starting Monitoring of LVM2 mirrors, snapshots etc. using dmeventd or progress polling...
         Starting Monitoring of LVM2 mirrors... dmeventd or progress polling...
[   15.392607] systemd[1]: Mounting Debug File System...
         Mounting Debug File System...
[   15.437470] systemd[1]: Starting Set console keymap...
         Starting Set console keymap...
[   15.656660] systemd[1]: Starting Load Kernel Modules...
         Starting Load Kernel Modules...
[   15.664656] systemd[1]: Starting Nameserver information manager...
         Starting Nameserver information manager...
[   15.673156] systemd[1]: Mounting Huge Pages File System...
         Mounting Huge Pages File System...
[   15.687219] systemd[1]: Starting Remount Root and Kernel File Systems...
         Starting Remount Root and Kernel File Systems...
[   15.699902] systemd[1]: Listening on /dev/initctl Compatibility Named Pipe.
[[0;32m  OK  [0m] Listening on /dev/initctl Compatibility Named Pipe.
[   15.715295] systemd[1]: Set up automount Arbitrary Executable File Formats File System Automount Point.
[[0;32m  OK  [0m] Set up automount Arbitrary Executab...ats File System Automount Point.
[   15.789392] systemd[1]: Listening on Syslog Socket.
[   15.794371] EXT4-fs (sda1): re-mounted. Opts: (null)
[[0;32m  OK  [0m] Listening on Syslog Socket.
[   15.812689] systemd[1]: Starting Journal Service...
         Starting Journal Service...
[   15.819846] systemd[1]: Reached target User and Group Name Lookups.
[[0;32m  OK  [0m] Reached target User and Group Name Lookups.
[   15.826965] systemd[1]: Starting Create list of required static device nodes for the current kernel...
         Starting Create list of required st... nodes for the current kernel...
[   15.848926] systemd[1]: Mounted POSIX Message Queue File System.
[[0;32m  OK  [0m] Mounted POSIX Message Queue File System.
[   15.861726] systemd[1]: Mounted Huge Pages File System.
[[0;32m  OK  [0m] Mounted Huge Pages File System.
[   15.869999] systemd[1]: Mounted Debug File System.
[[0;32m  OK  [0m] Mounted Debug File System.
[   15.877507] systemd[1]: Started Uncomplicated firewall.
[[0;32m  OK  [0m] Started Uncomplicated firewall.
[   15.905842] systemd[1]: Started Remount Root and Kernel File Systems.
[[0;32m  OK  [0m] Started Remount Root and Kernel File Systems.
[   16.136943] systemd[1]: Starting udev Coldplug all Devices...
         Starting udev Coldplug all Devices...
[   16.157441] systemd[1]: Starting Load/Save Random Seed...
         Starting Load/Save Random Seed...
[   16.177506] systemd[1]: Started Nameserver information manager.
[[0;32m  OK  [0m] Started Nameserver information manager.
[   16.219402] systemd[1]: Started Create list of required static device nodes for the current kernel.
[[0;32m  OK  [0m] Started Create list of required sta...ce nodes for the current kernel.
[   16.273073] systemd[1]: Starting Create Static Device Nodes in /dev...
         Starting Create Static Device Nodes in /dev...
[   16.387173] systemd[1]: Started Set console keymap.
[[0;32m  OK  [0m] Started Set console keymap.
[   16.472560] systemd[1]: Started Load/Save Random Seed.
[[0;32m  OK  [0m] Started Load/Save Random Seed.
[   16.495342] Loading iSCSI transport class v2.0-870.
[   16.561189] systemd[1]: Started LVM2 metadata daemon.
[[0;32m  OK  [0m] Started LVM2 metadata daemon.
[   16.626768] systemd[1]: Started udev Coldplug all Devices.
[[0;32m  OK  [0m] Started udev Coldplug all Devices.
[   16.679286] systemd[1]: Started Journal Service.
[[0;32m  OK  [0m] Started Journal Service.
         Starting Flush Journal to Persistent Storage...
[   16.750877] iscsi: registered transport (tcp)
[   16.945212] systemd-journald[405]: Received request to flush runtime journal from PID 1
[[0;32m  OK  [0m] Started Flush Journal to Persistent Storage.
[[0;32m  OK  [0m] Started Monitoring of LVM2 mirrors,...ng dmeventd or progress polling.
[   17.788805] iscsi: registered transport (iser)
[[0;32m  OK  [0m] Started Load Kernel Modules.
         Starting Apply Kernel Variables...
         Mounting FUSE Control File System...
[[0;32m  OK  [0m] Mounted FUSE Control File System.
[[0;32m  OK  [0m] Started Create Static Device Nodes in /dev.
[[0;32m  OK  [0m] Started Apply Kernel Variables.
         Starting udev Kernel Device Manager...
[[0;32m  OK  [0m] Started udev Kernel Device Manager.
[[0;32m  OK  [0m] Started Dispatch Password Requests to Console Directory Watch.
[[0;32m  OK  [0m] Reached target Local File Systems (Pre).
[[0;32m  OK  [0m] Reached target Local File Systems.
         Starting Create Volatile Files and Directories...
         Starting Tell Plymouth To Write Out Runtime Data...
         Starting Initial cloud-init job (pre-networking)...
         Starting Set console font and keymap...
         Starting LSB: AppArmor initialization...
[[0;32m  OK  [0m] Started Tell Plymouth To Write Out Runtime Data.
[[0;32m  OK  [0m] Found device /dev/ttyS0.
[[0;32m  OK  [0m] Started Create Volatile Files and Directories.
         Starting Update UTMP about System Boot/Shutdown...
[[0;32m  OK  [0m] Listening on Load/Save RF Kill Switch Status /dev/rfkill Watch.
[[0;32m  OK  [0m] Started Update UTMP about System Boot/Shutdown.
[[0;32m  OK  [0m] Found device 82540EM Gigabit Ethern...r (PRO/1000 MT Desktop Adapter).
[[0;32m  OK  [0m] Started Set console font and keymap.
[[0;32m  OK  [0m] Created slice system-getty.slice.
[[0;32m  OK  [0m] Started LSB: AppArmor initialization.
[   57.745115] cloud-init[496]: Cloud-init v. 18.3-9-g2e62cb8a-0ubuntu1~16.04.2 running 'init-local' at Mon, 22 Oct 2018 12:52:26 +0000. Up 48.04 seconds.
[[0;32m  OK  [0m] Started Initial cloud-init job (pre-networking).
[[0;32m  OK  [0m] Reached target Network (Pre).
         Starting Raise network interfaces...
[[0;32m  OK  [0m] Started ifup for enp0s3.
[[0;32m  OK  [0m] Started Raise network interfaces.
         Starting Initial cloud-init job (metadata service crawler)...
[[0;32m  OK  [0m] Reached target Network.
[   66.879200] cloud-init[970]: Cloud-init v. 18.3-9-g2e62cb8a-0ubuntu1~16.04.2 running 'init' at Mon, 22 Oct 2018 12:52:39 +0000. Up 60.42 seconds.
[   66.929497] cloud-init[970]: ci-info: +++++++++++++++++++++++++++++++++++++Net device info+++++++++++++++++++++++++++++++++++++
[   66.936247] cloud-init[970]: ci-info: +--------+------+--------------------------+---------------+--------+-------------------+
[   66.948900] cloud-init[970]: ci-info: | Device |  Up  |         Address          |      Mask     | Scope  |     Hw-Address    |
[   66.960384] cloud-init[970]: ci-info: +--------+------+--------------------------+---------------+--------+-------------------+
[   66.973671] cloud-init[970]: ci-info: | enp0s3 | True |        10.0.2.15         | 255.255.255.0 | global | 02:51:ce:62:00:80 |
[   66.979655] [[0;32m  OK  [0m] Started Initial cloud-init job (metadata service crawler).
[[0;32m  OK  [0m] Reached target System Initialization.
cloud-init[970]: ci-info: | enp0s3 | True | fe80::51:ceff:fe62:80/64 |       .       |  link  | 02:51:ce:62:00:80 |
[   66.997405]          cloud-initStarting Socket activation for snappy daemon.[970]: 
ci-info: |   lo   | True |        127.0.0.1         |   255.0.0.0   |  host  |         .         |
[   67.028776] [[0;32m  OK  [0m] Listening on D-Bus System Message Bus Socket.
[[0;32m  OK  [0m] Listening on UUID daemon activation socket.
cloud-init[970]: ci-info: |   lo   | True |         ::1/128          |       .       |  host  |         .         |
[   67.038666] cloud-init[970]: ci-info: +--------+------+--------------------------+---------------+--------+-------------------+
[   67.065102] cloud-init[970]: ci-info: +++++++++++++++++++++++++++Route IPv4 info++++++++++++++++++++++++++++
[   67.073352] cloud-init[970]: ci-info: +-------+-------------+----------+---------------+-----------+-------+
[   67.085630] cloud-init[970]: ci-info: | Route | Destination | Gateway  |    Genmask    | Interface | Flags |
[   67.097629] cloud-init[970]: ci-info: +-------+-------------+----------+---------------+-----------+-------+
[   67.113090] [[0;32m  OK  [0m] Started Daily apt download activities.
[[0;32m  OK  [0m] Started Daily apt upgrade and clean activities.
cloud-init[970]: ci-info: |   0   |   0.0.0.0   | 10.0.2.2 |    0.0.0.0    |   enp0s3  |   UG  |
[   67.147124] cloud-init[970]: ci-info: |   1   |   10.0.2.0  | 0.0.0.0  | 255.255.255.0 |   enp0s3  |   U   |
         Starting LXD - unix socket.
[   67.152226] cloud-init[970]: ci-info: +-------+-------------+----------+---------------+-----------+-------+
[   67.156430] cloud-init[970]: ci-info: +++++++++++++++++++Route IPv6 info+++++++++++++++++++
[   67.170898] cloud-init[970]: ci-info: +-------+-------------+---------+-----------+-------+
[   67.179364] cloud-init[970]: ci-info: | Route | Destination | Gateway | Interface | Flags |
[   67.183175] cloud-init[970]: ci-info: +-------+-------------+---------+-----------+-------+
[   67.380689] [cloud-init[0;32m  OK  [0m[970]: ] ci-info: |   0   |  fe80::/64  |    ::   |   enp0s3  |   U   |Started ACPI Events Check.

[   67.382575] [[0;32m  OK  [0m] Reached target Paths.
[[0;32m  OK  [0m] Started Daily Cleanup of Temporary Directories.
cloud-init[970]: ci-info: |   3   |   ff00::/8  |    ::   |   enp0s3  |   U   |
[   67.436327] [[0;32m  OK  [0m] Reached target Timers.
[[0;32m  OK  [0m] Listening on ACPID Listen Socket.
[[0;32m  OK  [0m] Reached target Network is Online.
cloud-init[970]: ci-info: +-------+-------------+---------+-----------+-------+
         Starting iSCSI initiator daemon (iscsid)...
[[0;32m  OK  [0m] Reached target Cloud-config availability.
[[0;32m  OK  [0m] Listening on Socket activation for snappy daemon.
[[0;32m  OK  [0m] Listening on LXD - unix socket.
[[0;32m  OK  [0m] Reached target Sockets.
[[0;32m  OK  [0m] Reached target Basic System.
         Starting MySQL Community Server...
         Starting Login Service...
         Starting LXD - container startup/shutdown...
         Starting LSB: Record successful boot for GRUB...
         Starting System Logging Service...
[[0;32m  OK  [0m] Started ACPI event daemon.
         Starting Virtualbox guest utils...
         Starting /etc/rc.local Compatibility...
         Starting OpenBSD Secure Shell server...
         Starting LSB: MD monitoring daemon...
[[0;32m  OK  [0m] Started D-Bus System Message Bus.
[[0;32m  OK  [0m] Started FUSE filesystem for LXC.
[[0;32m  OK  [0m] Started Deferred execution scheduler.
[[0;32m  OK  [0m] Started Regular background program processing daemon.
[[0;32m  OK  [0m] Started Unattended Upgrades Shutdown.
         Starting Accounts Service...
         Starting Snappy daemon...
[[0;32m  OK  [0m] Started System Logging Service.
[[0;32m  OK  [0m] Started /etc/rc.local Compatibility.
[[0;32m  OK  [0m] Started Login Service.
[[0;32m  OK  [0m] Started OpenBSD Secure Shell server.
[[0;32m  OK  [0m] Started iSCSI initiator daemon (iscsid).
         Starting Login to default iSCSI targets...
[[0;32m  OK  [0m] Started LSB: Record successful boot for GRUB.
[[0;32m  OK  [0m] Started LSB: MD monitoring daemon.
[[0;32m  OK  [0m] Started Login to default iSCSI targets.
[[0;32m  OK  [0m] Reached target Remote File Systems (Pre).
[[0;32m  OK  [0m] Reached target Remote File Systems.
         Starting LSB: Set the CPU Frequency Scaling governor to "ondemand"...
         Starting LSB: automatic crash report generation...
         Starting Permit User Sessions...
         Starting LSB: daemon to balance interrupts for SMP systems...
[[0;32m  OK  [0m] Started LSB: Set the CPU Frequency Scaling governor to "ondemand".
[[0;32m  OK  [0m] Started Permit User Sessions.
         Starting Hold until boot process finishes up...
         Starting Terminate Plymouth Boot Screen...
[[0;32m  OK  [0m] Started Hold until boot process finishes up.
[[0;32m  OK  [0m] Started Terminate Plymouth Boot Screen.
[[0;32m  OK  [0m] Started Serial Getty on ttyS0.
[[0;32m  OK  [0m] Started Getty on tty1.
[[0;32m  OK  [0m] Reached target Login Prompts.
         Starting Set console scheme...
[[0;32m  OK  [0m] Started Set console scheme.
[[0;32m  OK  [0m] Started LSB: automatic crash report generation.
[[0;32m  OK  [0m] Started Virtualbox guest utils.
[[0;32m  OK  [0m] Started LSB: daemon to balance interrupts for SMP systems.

Ubuntu 16.04.5 LTS ubuntu-xenial ttyS0

ubuntu-xenial login: [   99.064472] cloud-init[1357]: Cloud-init v. 18.3-9-g2e62cb8a-0ubuntu1~16.04.2 running 'modules:config' at Mon, 22 Oct 2018 12:53:14 +0000. Up 95.50 seconds.
[  108.570259] cloud-init[1475]: Cloud-init v. 18.3-9-g2e62cb8a-0ubuntu1~16.04.2 running 'modules:final' at Mon, 22 Oct 2018 12:53:24 +0000. Up 106.17 seconds.
[  108.571149] cloud-init[1475]: Cloud-init v. 18.3-9-g2e62cb8a-0ubuntu1~16.04.2 finished at Mon, 22 Oct 2018 12:53:27 +0000. Datasource DataSourceNoCloud [seed=/dev/sdb][dsmode=net].  Up 108.56 seconds
